<?xml version="1.0" encoding="UTF-8"?>
<!-- Generated by org.testng.reporters.JUnitReportReporter -->
<testsuite skipped="0" hostname="PO-5436-YX943" name="test.RunTest" tests="1" failures="0" timestamp="2021-12-29T11:14:47 COT" time="49.686" errors="0">
  <testcase name="feature" time="49.686" classname="test.RunTest"/>
  <system-out/>
</testsuite> <!-- test.RunTest -->
