<?xml version="1.0" encoding="UTF-8"?>
<!-- Generated by org.testng.reporters.JUnitReportReporter -->
<testsuite skipped="0" hostname="PO-5436-YX943" name="test.RunCukesTest" tests="1" failures="0" timestamp="2021-12-28T22:31:30 COT" time="0.076" errors="0">
  <testcase name="feature" time="0.076" classname="test.RunCukesTest"/>
  <system-out/>
</testsuite> <!-- test.RunCukesTest -->
